0 info it worked if it ends with ok
1 verbose cli [ '/usr/bin/node', '/usr/bin/npm', 'restart', 'index,js' ]
2 info using npm@3.5.2
3 info using node@v8.10.0
4 verbose run-script [ 'prerestart',
4 verbose run-script   'prestop',
4 verbose run-script   'stop',
4 verbose run-script   'poststop',
4 verbose run-script   'restart',
4 verbose run-script   'prestart',
4 verbose run-script   'start',
4 verbose run-script   'poststart',
4 verbose run-script   'postrestart' ]
5 info lifecycle nodeapp@1.0.0~prerestart: nodeapp@1.0.0
6 silly lifecycle nodeapp@1.0.0~prerestart: no script for prerestart, continuing
7 info lifecycle nodeapp@1.0.0~prestop: nodeapp@1.0.0
8 silly lifecycle nodeapp@1.0.0~prestop: no script for prestop, continuing
9 info lifecycle nodeapp@1.0.0~stop: nodeapp@1.0.0
10 silly lifecycle nodeapp@1.0.0~stop: no script for stop, continuing
11 info lifecycle nodeapp@1.0.0~poststop: nodeapp@1.0.0
12 silly lifecycle nodeapp@1.0.0~poststop: no script for poststop, continuing
13 info lifecycle nodeapp@1.0.0~restart: nodeapp@1.0.0
14 silly lifecycle nodeapp@1.0.0~restart: no script for restart, continuing
15 info lifecycle nodeapp@1.0.0~prestart: nodeapp@1.0.0
16 silly lifecycle nodeapp@1.0.0~prestart: no script for prestart, continuing
17 info lifecycle nodeapp@1.0.0~start: nodeapp@1.0.0
18 verbose lifecycle nodeapp@1.0.0~start: unsafe-perm in lifecycle true
19 verbose lifecycle nodeapp@1.0.0~start: PATH: /usr/share/npm/bin/node-gyp-bin:/home/ashish/nodeapp/node_modules/.bin:/usr/local/sbin:/usr/local/bin:/usr/sbin:/usr/bin:/sbin:/bin:/usr/games:/usr/local/games:/snap/bin
20 verbose lifecycle nodeapp@1.0.0~start: CWD: /home/ashish/nodeapp
21 silly lifecycle nodeapp@1.0.0~start: Args: [ '-c', 'index.js' ]
22 info lifecycle nodeapp@1.0.0~start: Failed to exec start script
23 verbose stack Error: nodeapp@1.0.0 start: `index.js`
23 verbose stack spawn ENOENT
23 verbose stack     at ChildProcess.<anonymous> (/usr/share/npm/lib/utils/spawn.js:17:16)
23 verbose stack     at emitTwo (events.js:126:13)
23 verbose stack     at ChildProcess.emit (events.js:214:7)
23 verbose stack     at maybeClose (internal/child_process.js:925:16)
23 verbose stack     at Process.ChildProcess._handle.onexit (internal/child_process.js:209:5)
24 verbose pkgid nodeapp@1.0.0
25 verbose cwd /home/ashish/nodeapp
26 error Linux 5.0.0-23-generic
27 error argv "/usr/bin/node" "/usr/bin/npm" "restart" "index,js"
28 error node v8.10.0
29 error npm  v3.5.2
30 error file sh
31 error code ELIFECYCLE
32 error errno ENOENT
33 error syscall spawn
34 error nodeapp@1.0.0 start: `index.js`
34 error spawn ENOENT
35 error Failed at the nodeapp@1.0.0 start script 'index.js'.
35 error Make sure you have the latest version of node.js and npm installed.
35 error If you do, this is most likely a problem with the nodeapp package,
35 error not with npm itself.
35 error Tell the author that this fails on your system:
35 error     index.js
35 error You can get information on how to open an issue for this project with:
35 error     npm bugs nodeapp
35 error Or if that isn't available, you can get their info via:
35 error     npm owner ls nodeapp
35 error There is likely additional logging output above.
36 verbose exit [ 1, true ]
